Copyright 1986-2018 Xilinx, Inc. All Rights Reserved.
-----------------------------------------------------------------------------------------------
| Tool Version : Vivado v.2018.3 (win64) Build 2405991 Thu Dec  6 23:38:27 MST 2018
| Date         : Fri Dec 17 09:47:47 2021
| Host         : PA11 running 64-bit major release  (build 9200)
| Command      : report_control_sets -verbose -file sequence_detection_control_sets_placed.rpt
| Design       : sequence_detection
| Device       : xc7a100t
-----------------------------------------------------------------------------------------------

Control Set Information

Table of Contents
-----------------
1. Summary
2. Histogram
3. Flip-Flop Distribution
4. Detailed Control Set Information

1. Summary
----------

+----------------------------------------------------------+-------+
|                          Status                          | Count |
+----------------------------------------------------------+-------+
| Number of unique control sets                            |     4 |
| Unused register locations in slices containing registers |    19 |
+----------------------------------------------------------+-------+


2. Histogram
------------

+--------+--------------+
| Fanout | Control Sets |
+--------+--------------+
|      1 |            2 |
|      3 |            1 |
|      8 |            1 |
+--------+--------------+


3. Flip-Flop Distribution
-------------------------

+--------------+-----------------------+------------------------+-----------------+--------------+
| Clock Enable | Synchronous Set/Reset | Asynchronous Set/Reset | Total Registers | Total Slices |
+--------------+-----------------------+------------------------+-----------------+--------------+
| No           | No                    | No                     |               4 |            2 |
| No           | No                    | Yes                    |               0 |            0 |
| No           | Yes                   | No                     |               0 |            0 |
| Yes          | No                    | No                     |               0 |            0 |
| Yes          | No                    | Yes                    |               9 |            3 |
| Yes          | Yes                   | No                     |               0 |            0 |
+--------------+-----------------------+------------------------+-----------------+--------------+


4. Detailed Control Set Information
-----------------------------------

+----------------------------+--------------------------+------------------+------------------+----------------+
|        Clock Signal        |       Enable Signal      | Set/Reset Signal | Slice Load Count | Bel Load Count |
+----------------------------+--------------------------+------------------+------------------+----------------+
|  clk_IBUF_BUFG             | button_en_i_1_n_0        | rst_IBUF         |                1 |              1 |
|  out_reg_i_1_n_0           |                          |                  |                1 |              1 |
|  next_state_reg[2]_i_2_n_0 |                          |                  |                1 |              3 |
|  clk_IBUF_BUFG             | current_state[2]_i_1_n_0 | rst_IBUF         |                2 |              8 |
+----------------------------+--------------------------+------------------+------------------+----------------+


