#-----------------------------------------------------------
# Vivado v2018.3 (64-bit)
# SW Build 2405991 on Thu Dec  6 23:38:27 MST 2018
# IP Build 2404404 on Fri Dec  7 01:43:56 MST 2018
# Start of session at: Sat Dec  4 18:42:12 2021
# Process ID: 10220
# Current directory: F:/led_display_ctrl
# Command line: vivado.exe -gui_launcher_event rodinguilauncherevent6624 F:\led_display_ctrl\led_display_ctrl.xpr
# Log file: F:/led_display_ctrl/vivado.log
# Journal file: F:/led_display_ctrl\vivado.jou
#-----------------------------------------------------------
start_gui
open_project F:/led_display_ctrl/led_display_ctrl.xpr
CRITICAL WARNING: [Project 1-19] Could not find the file 'C:/Users/Administrator/Desktop/led_display_ctrl.v'.
CRITICAL WARNING: [Project 1-19] Could not find the file 'C:/Users/Administrator/Desktop/testbench.v'.
Scanning sources...
Finished scanning sources
INFO: [IP_Flow 19-234] Refreshing IP repositories
INFO: [IP_Flow 19-1704] No user IP repositories specified
INFO: [IP_Flow 19-2313] Loaded Vivado IP repository 'C:/Xilinx/Vivado/2018.3/data/ip'.
open_project: Time (s): cpu = 00:00:11 ; elapsed = 00:00:05 . Memory (MB): peak = 842.855 ; gain = 208.191
update_compile_order -fileset sources_1
update_compile_order -fileset sim_1
add_files -norecurse F:/led_display_ctrl/led_display_ctrl.v
export_ip_user_files -of_objects  [get_files C:/Users/Administrator/Desktop/led_display_ctrl.v] -no_script -reset -force -quiet
remove_files  C:/Users/Administrator/Desktop/led_display_ctrl.v
export_ip_user_files -of_objects  [get_files C:/Users/Administrator/Desktop/testbench.v] -no_script -reset -force -quiet
remove_files  -fileset sim_1 C:/Users/Administrator/Desktop/testbench.v
set_property SOURCE_SET sources_1 [get_filesets sim_1]
add_files -fileset sim_1 -norecurse F:/led_display_ctrl/testbench.v
update_compile_order -fileset sim_1
update_compile_order -fileset sim_1
launch_simulation
INFO: [Vivado 12-5682] Launching behavioral simulation in 'F:/led_display_ctrl/led_display_ctrl.sim/sim_1/behav/xsim'
INFO: [SIM-utils-51] Simulation object is 'sim_1'
INFO: [SIM-utils-54] Inspecting design source files for 'testbench' in fileset 'sim_1'...
INFO: [USF-XSim-97] Finding global include files...
INFO: [USF-XSim-98] Fetching design files from 'sim_1'...
INFO: [USF-XSim-2] XSim::Compile design
INFO: [USF-XSim-61] Executing 'COMPILE and ANALYZE' step in 'F:/led_display_ctrl/led_display_ctrl.sim/sim_1/behav/xsim'
"xvlog --incr --relax -prj testbench_vlog.prj"
INFO: [VRFC 10-2263] Analyzing Verilog file "F:/led_display_ctrl/led_display_ctrl.v" into library xil_defaultlib
INFO: [VRFC 10-311] analyzing module led_display_ctrl
INFO: [VRFC 10-2263] Analyzing Verilog file "F:/led_display_ctrl/testbench.v" into library xil_defaultlib
INFO: [VRFC 10-311] analyzing module testbench
INFO: [VRFC 10-2263] Analyzing Verilog file "F:/led_display_ctrl/led_display_ctrl.sim/sim_1/behav/xsim/glbl.v" into library xil_defaultlib
INFO: [VRFC 10-311] analyzing module glbl
INFO: [USF-XSim-69] 'compile' step finished in '1' seconds
INFO: [USF-XSim-3] XSim::Elaborate design
INFO: [USF-XSim-61] Executing 'ELABORATE' step in 'F:/led_display_ctrl/led_display_ctrl.sim/sim_1/behav/xsim'
Vivado Simulator 2018.3
Copyright 1986-1999, 2001-2018 Xilinx, Inc. All Rights Reserved.
Running: C:/Xilinx/Vivado/2018.3/bin/unwrapped/win64.o/xelab.exe -wto aecbbc42b22d4e1ea7c1b38d2a37a82e --incr --debug typical --relax --mt 2 -L xil_defaultlib -L unisims_ver -L unimacro_ver -L secureip --snapshot testbench_behav xil_defaultlib.testbench xil_defaultlib.glbl -log elaborate.log 
Using 2 slave threads.
Starting static elaboration
Completed static elaboration
Starting simulation data flow analysis
WARNING: [XSIM 43-4099] "F:/led_display_ctrl/led_display_ctrl.v" Line 1. Module led_display_ctrl doesn't have a timescale but at least one module in design has a timescale.
Completed simulation data flow analysis
Time Resolution for simulation is 1ps
Compiling module xil_defaultlib.led_display_ctrl
Compiling module xil_defaultlib.testbench
Compiling module xil_defaultlib.glbl
Built simulation snapshot testbench_behav

****** Webtalk v2018.3 (64-bit)
  **** SW Build 2405991 on Thu Dec  6 23:38:27 MST 2018
  **** IP Build 2404404 on Fri Dec  7 01:43:56 MST 2018
    ** Copyright 1986-2018 Xilinx, Inc. All Rights Reserved.

source F:/led_display_ctrl/led_display_ctrl.sim/sim_1/behav/xsim/xsim.dir/testbench_behav/webtalk/xsim_webtalk.tcl -notrace
INFO: [Common 17-206] Exiting Webtalk at Sat Dec  4 21:01:23 2021...
INFO: [USF-XSim-69] 'elaborate' step finished in '4' seconds
INFO: [USF-XSim-4] XSim::Simulate design
INFO: [USF-XSim-61] Executing 'SIMULATE' step in 'F:/led_display_ctrl/led_display_ctrl.sim/sim_1/behav/xsim'
INFO: [USF-XSim-98] *** Running xsim
   with args "testbench_behav -key {Behavioral:sim_1:Functional:testbench} -tclbatch {testbench.tcl} -log {simulate.log}"
INFO: [USF-XSim-8] Loading simulator feature
Vivado Simulator 2018.3
Time resolution is 1 ps
source testbench.tcl
# set curr_wave [current_wave_config]
# if { [string length $curr_wave] == 0 } {
#   if { [llength [get_objects]] > 0} {
#     add_wave /
#     set_property needs_save false [current_wave_config]
#   } else {
#      send_msg_id Add_Wave-1 WARNING "No top level signals found. Simulator will start without a wave window. If you want to open a wave window go to 'File->New Waveform Configuration' or type 'create_wave_config' in the TCL console."
#   }
# }
# run 1000ns
INFO: [USF-XSim-96] XSim completed. Design snapshot 'testbench_behav' loaded.
INFO: [USF-XSim-97] XSim simulation ran for 1000ns
launch_simulation: Time (s): cpu = 00:00:03 ; elapsed = 00:00:07 . Memory (MB): peak = 909.801 ; gain = 0.000
launch_runs synth_1 -jobs 8
[Sat Dec  4 21:02:26 2021] Launched synth_1...
Run output will be captured here: F:/led_display_ctrl/led_display_ctrl.runs/synth_1/runme.log
reset_run synth_1
launch_runs synth_1 -jobs 8
[Sat Dec  4 21:06:08 2021] Launched synth_1...
Run output will be captured here: F:/led_display_ctrl/led_display_ctrl.runs/synth_1/runme.log
launch_runs impl_1 -jobs 8
[Sat Dec  4 21:06:34 2021] Launched impl_1...
Run output will be captured here: F:/led_display_ctrl/led_display_ctrl.runs/impl_1/runme.log
