#-----------------------------------------------------------
# Vivado v2018.3 (64-bit)
# SW Build 2405991 on Thu Dec  6 23:38:27 MST 2018
# IP Build 2404404 on Fri Dec  7 01:43:56 MST 2018
# Start of session at: Thu Dec 23 15:23:37 2021
# Process ID: 2120
# Current directory: F:/led_display_ctrl
# Command line: vivado.exe -gui_launcher_event rodinguilauncherevent7428 F:\led_display_ctrl\led_display_ctrl.xpr
# Log file: F:/led_display_ctrl/vivado.log
# Journal file: F:/led_display_ctrl\vivado.jou
#-----------------------------------------------------------
start_gui
open_project F:/led_display_ctrl/led_display_ctrl.xpr
Scanning sources...
Finished scanning sources
INFO: [IP_Flow 19-234] Refreshing IP repositories
INFO: [IP_Flow 19-1704] No user IP repositories specified
INFO: [IP_Flow 19-2313] Loaded Vivado IP repository 'C:/Xilinx/Vivado/2018.3/data/ip'.
update_compile_order -fileset sources_1
exit
INFO: [Common 17-206] Exiting Vivado at Thu Dec 23 15:24:00 2021...
