#-----------------------------------------------------------
# Vivado v2018.3 (64-bit)
# SW Build 2405991 on Thu Dec  6 23:38:27 MST 2018
# IP Build 2404404 on Fri Dec  7 01:43:56 MST 2018
# Start of session at: Sun Dec 19 20:49:07 2021
# Process ID: 7604
# Current directory: F:/sequence_detection
# Command line: vivado.exe -gui_launcher_event rodinguilauncherevent5968 F:\sequence_detection\sequence_detection.xpr
# Log file: F:/sequence_detection/vivado.log
# Journal file: F:/sequence_detection\vivado.jou
#-----------------------------------------------------------
start_gui
open_project F:/sequence_detection/sequence_detection.xpr
Scanning sources...
Finished scanning sources
INFO: [IP_Flow 19-234] Refreshing IP repositories
INFO: [IP_Flow 19-1704] No user IP repositories specified
INFO: [IP_Flow 19-2313] Loaded Vivado IP repository 'C:/Xilinx/Vivado/2018.3/data/ip'.
update_compile_order -fileset sources_1
exit
INFO: [Common 17-206] Exiting Vivado at Sun Dec 19 21:08:56 2021...
